<?xml version="1.0" encoding="UTF-8"?>
<!-- Generated by org.testng.reporters.JUnitReportReporter -->
<testsuite hostname="DESKTOP-4FCALNC" failures="0" tests="1" name="qaautomation.october2021.Tugas4.Tugas4" time="60.166" errors="0" timestamp="15 Nov 2021 12:33:22 GMT" skipped="0">
  <testcase classname="qaautomation.october2021.Tugas4.Tugas4" name="test1" time="60.166"/>
</testsuite> <!-- qaautomation.october2021.Tugas4.Tugas4 -->
