<?xml version="1.0" encoding="UTF-8"?>
<!-- Generated by org.testng.reporters.JUnitReportReporter -->
<testsuite hostname="DESKTOP-4FCALNC" failures="0" tests="1" name="qaautomation.october2021.Tugas3.Tugas3" time="30.520" errors="0" timestamp="15 Nov 2021 12:30:26 GMT" skipped="0">
  <testcase classname="qaautomation.october2021.Tugas3.Tugas3" name="testSwitching" time="30.520"/>
</testsuite> <!-- qaautomation.october2021.Tugas3.Tugas3 -->
