<?xml version="1.0" encoding="UTF-8"?>
<!-- Generated by org.testng.reporters.JUnitReportReporter -->
<testsuite hostname="DESKTOP-4FCALNC" failures="0" tests="3" name="qaautomation.october2021.APITest" time="12.797" errors="0" timestamp="14 Nov 2021 09:55:41 GMT" skipped="0">
  <testcase classname="qaautomation.october2021.APITest" name="fakerTest" time="0.777"/>
  <testcase classname="qaautomation.october2021.APITest" name="testLoginAPI" time="9.751"/>
  <testcase classname="qaautomation.october2021.APITest" name="testDashboard" time="2.269"/>
</testsuite> <!-- qaautomation.october2021.APITest -->
