<?xml version="1.0" encoding="UTF-8"?>
<!-- Generated by org.testng.reporters.JUnitReportReporter -->
<testsuite hostname="DESKTOP-4FCALNC" failures="0" tests="3" name="qaautomation.october2021.Tugas5.Tugas5" time="13.915" errors="0" timestamp="15 Nov 2021 12:34:03 GMT" skipped="0">
  <testcase classname="qaautomation.october2021.Tugas5.Tugas5" name="fakerTest" time="0.828"/>
  <testcase classname="qaautomation.october2021.Tugas5.Tugas5" name="testLoginAPI" time="11.249"/>
  <testcase classname="qaautomation.october2021.Tugas5.Tugas5" name="testDashboard" time="1.838"/>
</testsuite> <!-- qaautomation.october2021.Tugas5.Tugas5 -->
