<?xml version="1.0" encoding="UTF-8"?>
<!-- Generated by org.testng.reporters.JUnitReportReporter -->
<testsuite hostname="Legion-5" failures="0" tests="1" name="qaautomation.october2021.SeleniumTest" time="14.651" errors="0" timestamp="30 Oct 2021 02:52:45 GMT" skipped="0">
  <testcase classname="qaautomation.october2021.SeleniumTest" name="test1" time="14.651"/>
</testsuite> <!-- qaautomation.october2021.SeleniumTest -->
