<?xml version="1.0" encoding="UTF-8"?>
<!-- Generated by org.testng.reporters.JUnitReportReporter -->
<testsuite hostname="Legion-5" failures="0" tests="1" name="qaautomation.october2021.SeleniumHeadless" time="16.070" errors="0" timestamp="30 Oct 2021 02:43:34 GMT" skipped="0">
  <testcase classname="qaautomation.october2021.SeleniumHeadless" name="testHeadless" time="16.070"/>
</testsuite> <!-- qaautomation.october2021.SeleniumHeadless -->
